<?xml version="1.0" encoding="UTF-8"?>
<!-- Generated by org.testng.reporters.JUnitReportReporter -->
<testsuite hostname="MSI" failures="0" tests="1" name="tests.SignInTest" time="18.756" errors="0" timestamp="2025-07-04T16:02:29 IST" skipped="0">
  <testcase classname="tests.SignInTest" name="testFormFieldInteraction" time="18.756"/>
</testsuite> <!-- tests.SignInTest -->
