<?xml version="1.0" encoding="UTF-8"?>
<!-- Generated by org.testng.reporters.JUnitReportReporter -->
<testsuite hostname="MSI" failures="0" tests="1" name="tests.NavigationTest" time="14.500" errors="0" timestamp="2025-07-04T16:02:29 IST" skipped="0">
  <testcase classname="tests.NavigationTest" name="testNavigateToProductUpdates" time="14.500"/>
</testsuite> <!-- tests.NavigationTest -->
