<?xml version="1.0" encoding="UTF-8"?>
<!-- Generated by org.testng.reporters.JUnitReportReporter -->
<testsuite hostname="MSI" failures="0" tests="1" name="tests.SignInTest" time="20.621" errors="0" timestamp="2025-07-04T16:44:50 IST" skipped="0">
  <testcase classname="tests.SignInTest" name="testFormFieldInteraction" time="20.621"/>
</testsuite> <!-- tests.SignInTest -->
